# JRE version: Java(TM) SE Runtime Environment (17.0.8+9) (build 17.0.8+9-LTS-211)
# Java VM: Java HotSpot(TM) 64-Bit Server VM (17.0.8+9-LTS-211, mixed mode, sharing, tiered, compressed oops, compressed class ptrs, g1 gc, windows-amd64)
GC Precious Log:
 CPUs: 2 total, 2 available
 Memory: 8140M
 Large Page Support: Disabled
 NUMA Support: Disabled
 Compressed Oops: Enabled (32-bit)
 Heap Region Size: 1M
 Heap Min Capacity: 8M
 Heap Initial Capacity: 128M
 Heap Max Capacity: 2G
 Pre-touch: Disabled
 Parallel Workers: 2
 Concurrent Workers: 1
 Concurrent Refinement Workers: 2
 Periodic GC: Disabled
Heap:
 garbage-first heap   total 526336K, used 202051K [0x0000000080000000, 0x0000000100000000)
  region size 1024K, 1 young (1024K), 1 survivors (1024K)
 Metaspace       used 140834K, committed 142784K, reserved 1179648K
  class space    used 17555K, committed 18368K, reserved 1048576K
GC Heap History (20 events):
Event: 17352.576 GC heap after
{Heap after GC invocations=214 (full 2):
 garbage-first heap   total 583680K, used 234099K [0x0000000080000000, 0x0000000100000000)
  region size 1024K, 4 young (4096K), 4 survivors (4096K)
 Metaspace       used 141261K, committed 142720K, reserved 1179648K
  class space    used 17655K, committed 18368K, reserved 1048576K
}
Event: 17352.895 GC heap before
{Heap before GC invocations=214 (full 2):
 garbage-first heap   total 583680K, used 298611K [0x0000000080000000, 0x0000000100000000)
  region size 1024K, 69 young (70656K), 4 survivors (4096K)
 Metaspace       used 141264K, committed 142720K, reserved 1179648K
  class space    used 17655K, committed 18368K, reserved 1048576K
}
Event: 17352.920 GC heap after
{Heap after GC invocations=215 (full 2):
 garbage-first heap   total 1189888K, used 242256K [0x0000000080000000, 0x0000000100000000)
  region size 1024K, 12 young (12288K), 12 survivors (12288K)
 Metaspace       used 141264K, committed 142720K, reserved 1179648K
  class space    used 17655K, committed 18368K, reserved 1048576K
}
Event: 19386.638 GC heap before
{Heap before GC invocations=216 (full 2):
 garbage-first heap   total 526336K, used 447056K [0x0000000080000000, 0x0000000100000000)
  region size 1024K, 247 young (252928K), 12 survivors (12288K)
 Metaspace       used 141392K, committed 142848K, reserved 1179648K
  class space    used 17661K, committed 18368K, reserved 1048576K
}
Event: 19386.735 GC heap after
{Heap after GC invocations=217 (full 2):
 garbage-first heap   total 526336K, used 168051K [0x0000000080000000, 0x0000000100000000)
  region size 1024K, 26 young (26624K), 26 survivors (26624K)
 Metaspace       used 141392K, committed 142848K, reserved 1179648K
  class space    used 17661K, committed 18368K, reserved 1048576K
}
Event: 19386.746 GC heap before
{Heap before GC invocations=217 (full 2):
 garbage-first heap   total 526336K, used 169075K [0x0000000080000000, 0x0000000100000000)
  region size 1024K, 27 young (27648K), 26 survivors (26624K)
 Metaspace       used 141392K, committed 142848K, reserved 1179648K
  class space    used 17661K, committed 18368K, reserved 1048576K
}
Event: 19386.819 GC heap after
{Heap after GC invocations=218 (full 2):
 garbage-first heap   total 526336K, used 158109K [0x0000000080000000, 0x0000000100000000)
  region size 1024K, 1 young (1024K), 1 survivors (1024K)
 Metaspace       used 141392K, committed 142848K, reserved 1179648K
  class space    used 17661K, committed 18368K, reserved 1048576K
}
Event: 19386.996 GC heap before
{Heap before GC invocations=218 (full 2):
 garbage-first heap   total 526336K, used 180637K [0x0000000080000000, 0x0000000100000000)
  region size 1024K, 24 young (24576K), 1 survivors (1024K)
 Metaspace       used 141392K, committed 142848K, reserved 1179648K
  class space    used 17661K, committed 18368K, reserved 1048576K
}
Event: 19387.013 GC heap after
{Heap after GC invocations=219 (full 2):
 garbage-first heap   total 526336K, used 164765K [0x0000000080000000, 0x0000000100000000)
  region size 1024K, 8 young (8192K), 8 survivors (8192K)
 Metaspace       used 141392K, committed 142848K, reserved 1179648K
  class space    used 17661K, committed 18368K, reserved 1048576K
}
Event: 19390.021 GC heap before
{Heap before GC invocations=220 (full 2):
 garbage-first heap   total 526336K, used 380829K [0x0000000080000000, 0x0000000100000000)
  region size 1024K, 190 young (194560K), 8 survivors (8192K)
 Metaspace       used 140777K, committed 142784K, reserved 1179648K
  class space    used 17547K, committed 18368K, reserved 1048576K
}
Event: 19390.050 GC heap after
{Heap after GC invocations=221 (full 2):
 garbage-first heap   total 526336K, used 161693K [0x0000000080000000, 0x0000000100000000)
  region size 1024K, 12 young (12288K), 12 survivors (12288K)
 Metaspace       used 140777K, committed 142784K, reserved 1179648K
  class space    used 17547K, committed 18368K, reserved 1048576K
}
Event: 19390.230 GC heap before
{Heap before GC invocations=221 (full 2):
 garbage-first heap   total 526336K, used 194461K [0x0000000080000000, 0x0000000100000000)
  region size 1024K, 25 young (25600K), 12 survivors (12288K)
 Metaspace       used 140810K, committed 142784K, reserved 1179648K
  class space    used 17552K, committed 18368K, reserved 1048576K
}
Event: 19390.257 GC heap after
{Heap after GC invocations=222 (full 2):
 garbage-first heap   total 526336K, used 169382K [0x0000000080000000, 0x0000000100000000)
  region size 1024K, 4 young (4096K), 4 survivors (4096K)
 Metaspace       used 140810K, committed 142784K, reserved 1179648K
  class space    used 17552K, committed 18368K, reserved 1048576K
}
Event: 19390.263 GC heap before
{Heap before GC invocations=222 (full 2):
 garbage-first heap   total 526336K, used 173478K [0x0000000080000000, 0x0000000100000000)
  region size 1024K, 10 young (10240K), 4 survivors (4096K)
 Metaspace       used 140810K, committed 142784K, reserved 1179648K
  class space    used 17552K, committed 18368K, reserved 1048576K
}
Event: 19390.270 GC heap after
{Heap after GC invocations=223 (full 2):
 garbage-first heap   total 526336K, used 171839K [0x0000000080000000, 0x0000000100000000)
  region size 1024K, 7 young (7168K), 7 survivors (7168K)
 Metaspace       used 140810K, committed 142784K, reserved 1179648K
  class space    used 17552K, committed 18368K, reserved 1048576K
}
Event: 19391.033 GC heap before
{Heap before GC invocations=224 (full 2):
 garbage-first heap   total 526336K, used 383807K [0x0000000080000000, 0x0000000100000000)
  region size 1024K, 209 young (214016K), 7 survivors (7168K)
 Metaspace       used 140834K, committed 142784K, reserved 1179648K
  class space    used 17555K, committed 18368K, reserved 1048576K
}
Event: 19391.192 GC heap after
{Heap after GC invocations=225 (full 2):
 garbage-first heap   total 526336K, used 213859K [0x0000000080000000, 0x0000000100000000)
  region size 1024K, 27 young (27648K), 27 survivors (27648K)
 Metaspace       used 140834K, committed 142784K, reserved 1179648K
  class space    used 17555K, committed 18368K, reserved 1048576K
}
Event: 19391.272 GC heap before
{Heap before GC invocations=225 (full 2):
 garbage-first heap   total 526336K, used 214883K [0x0000000080000000, 0x0000000100000000)
  region size 1024K, 28 young (28672K), 27 survivors (27648K)
 Metaspace       used 140834K, committed 142784K, reserved 1179648K
  class space    used 17555K, committed 18368K, reserved 1048576K
}
Event: 19391.392 GC heap after
{Heap after GC invocations=226 (full 2):
 garbage-first heap   total 526336K, used 202083K [0x0000000080000000, 0x0000000100000000)
  region size 1024K, 1 young (1024K), 1 survivors (1024K)
 Metaspace       used 140834K, committed 142784K, reserved 1179648K
  class space    used 17555K, committed 18368K, reserved 1048576K
}
Event: 19391.400 GC heap before
{Heap before GC invocations=226 (full 2):
 garbage-first heap   total 526336K, used 202083K [0x0000000080000000, 0x0000000100000000)
  region size 1024K, 2 young (2048K), 1 survivors (1024K)
 Metaspace       used 140834K, committed 142784K, reserved 1179648K
  class space    used 17555K, committed 18368K, reserved 1048576K
}

